2022-04-08T09:02:59.893Z-error- uncaughtException: 数据库的相关信息 is not defined
ReferenceError: 数据库的相关信息 is not defined
    at Object.<anonymous> (E:\BUGU_Temp\workspace\back\bugu_back\app.js:23:1)
    at Module._compile (internal/modules/cjs/loader.js:1063:30)
    at Object.Module._extensions..js (internal/modules/cjs/loader.js:1092:10)
    at Module.load (internal/modules/cjs/loader.js:928:32)
    at Function.Module._load (internal/modules/cjs/loader.js:769:14)
    at Module.require (internal/modules/cjs/loader.js:952:19)
    at require (internal/modules/cjs/helpers.js:88:18)
    at Object.<anonymous> (E:\BUGU_Temp\workspace\back\bugu_back\bin\www:7:11)
    at Module._compile (internal/modules/cjs/loader.js:1063:30)
    at Object.Module._extensions..js (internal/modules/cjs/loader.js:1092:10)
2022-04-08T09:03:05.488Z-error- uncaughtException: 数据库的相关信息 is not defined
ReferenceError: 数据库的相关信息 is not defined
    at Object.<anonymous> (E:\BUGU_Temp\workspace\back\bugu_back\app.js:23:1)
    at Module._compile (internal/modules/cjs/loader.js:1063:30)
    at Object.Module._extensions..js (internal/modules/cjs/loader.js:1092:10)
    at Module.load (internal/modules/cjs/loader.js:928:32)
    at Function.Module._load (internal/modules/cjs/loader.js:769:14)
    at Module.require (internal/modules/cjs/loader.js:952:19)
    at require (internal/modules/cjs/helpers.js:88:18)
    at Object.<anonymous> (E:\BUGU_Temp\workspace\back\bugu_back\bin\www:7:11)
    at Module._compile (internal/modules/cjs/loader.js:1063:30)
    at Object.Module._extensions..js (internal/modules/cjs/loader.js:1092:10)
2022-04-08T09:03:10.255Z-error- uncaughtException: 数据库的相关信息 is not defined
ReferenceError: 数据库的相关信息 is not defined
    at Object.<anonymous> (E:\BUGU_Temp\workspace\back\bugu_back\app.js:23:1)
    at Module._compile (internal/modules/cjs/loader.js:1063:30)
    at Object.Module._extensions..js (internal/modules/cjs/loader.js:1092:10)
    at Module.load (internal/modules/cjs/loader.js:928:32)
    at Function.Module._load (internal/modules/cjs/loader.js:769:14)
    at Module.require (internal/modules/cjs/loader.js:952:19)
    at require (internal/modules/cjs/helpers.js:88:18)
    at Object.<anonymous> (E:\BUGU_Temp\workspace\back\bugu_back\bin\www:7:11)
    at Module._compile (internal/modules/cjs/loader.js:1063:30)
    at Object.Module._extensions..js (internal/modules/cjs/loader.js:1092:10)
2022-04-08T09:03:12.184Z-error- uncaughtException: 数据库的相关信息 is not defined
ReferenceError: 数据库的相关信息 is not defined
    at Object.<anonymous> (E:\BUGU_Temp\workspace\back\bugu_back\app.js:23:1)
    at Module._compile (internal/modules/cjs/loader.js:1063:30)
    at Object.Module._extensions..js (internal/modules/cjs/loader.js:1092:10)
    at Module.load (internal/modules/cjs/loader.js:928:32)
    at Function.Module._load (internal/modules/cjs/loader.js:769:14)
    at Module.require (internal/modules/cjs/loader.js:952:19)
    at require (internal/modules/cjs/helpers.js:88:18)
    at Object.<anonymous> (E:\BUGU_Temp\workspace\back\bugu_back\bin\www:7:11)
    at Module._compile (internal/modules/cjs/loader.js:1063:30)
    at Object.Module._extensions..js (internal/modules/cjs/loader.js:1092:10)
2022-04-08T09:03:20.661Z-error- uncaughtException: 数据库的相关信息 is not defined
ReferenceError: 数据库的相关信息 is not defined
    at Object.<anonymous> (E:\BUGU_Temp\workspace\back\bugu_back\app.js:23:1)
    at Module._compile (internal/modules/cjs/loader.js:1063:30)
    at Object.Module._extensions..js (internal/modules/cjs/loader.js:1092:10)
    at Module.load (internal/modules/cjs/loader.js:928:32)
    at Function.Module._load (internal/modules/cjs/loader.js:769:14)
    at Module.require (internal/modules/cjs/loader.js:952:19)
    at require (internal/modules/cjs/helpers.js:88:18)
    at Object.<anonymous> (E:\BUGU_Temp\workspace\back\bugu_back\bin\www:7:11)
    at Module._compile (internal/modules/cjs/loader.js:1063:30)
    at Object.Module._extensions..js (internal/modules/cjs/loader.js:1092:10)
2022-04-08T09:03:25.085Z-error- uncaughtException: 数据库的相关信息 is not defined
ReferenceError: 数据库的相关信息 is not defined
    at Object.<anonymous> (E:\BUGU_Temp\workspace\back\bugu_back\app.js:23:1)
    at Module._compile (internal/modules/cjs/loader.js:1063:30)
    at Object.Module._extensions..js (internal/modules/cjs/loader.js:1092:10)
    at Module.load (internal/modules/cjs/loader.js:928:32)
    at Function.Module._load (internal/modules/cjs/loader.js:769:14)
    at Module.require (internal/modules/cjs/loader.js:952:19)
    at require (internal/modules/cjs/helpers.js:88:18)
    at Object.<anonymous> (E:\BUGU_Temp\workspace\back\bugu_back\bin\www:7:11)
    at Module._compile (internal/modules/cjs/loader.js:1063:30)
    at Object.Module._extensions..js (internal/modules/cjs/loader.js:1092:10)
2022-04-08T09:03:33.078Z-error- uncaughtException: 测试连接 is not defined
ReferenceError: 测试连接 is not defined
    at Object.<anonymous> (E:\BUGU_Temp\workspace\back\bugu_back\app.js:30:1)
    at Module._compile (internal/modules/cjs/loader.js:1063:30)
    at Object.Module._extensions..js (internal/modules/cjs/loader.js:1092:10)
    at Module.load (internal/modules/cjs/loader.js:928:32)
    at Function.Module._load (internal/modules/cjs/loader.js:769:14)
    at Module.require (internal/modules/cjs/loader.js:952:19)
    at require (internal/modules/cjs/helpers.js:88:18)
    at Object.<anonymous> (E:\BUGU_Temp\workspace\back\bugu_back\bin\www:7:11)
    at Module._compile (internal/modules/cjs/loader.js:1063:30)
    at Object.Module._extensions..js (internal/modules/cjs/loader.js:1092:10)
2022-04-08T12:25:50.778Z-error- 404 - Not Found - /static/css/chunk-ff7c7e1e.1a269f17.css -GET - ::1
2022-04-08T12:25:50.971Z-error- 404 - Not Found - /static/js/chunk-ff7c7e1e.009c73b3.js -GET - ::1
2022-04-09T04:11:09.671Z-error- uncaughtException: Jwt is not defined
ReferenceError: Jwt is not defined
    at Object.<anonymous> (E:\BUGU_Temp\workspace\back\bugu_back\app.js:34:5)
    at Module._compile (internal/modules/cjs/loader.js:1063:30)
    at Object.Module._extensions..js (internal/modules/cjs/loader.js:1092:10)
    at Module.load (internal/modules/cjs/loader.js:928:32)
    at Function.Module._load (internal/modules/cjs/loader.js:769:14)
    at Module.require (internal/modules/cjs/loader.js:952:19)
    at require (internal/modules/cjs/helpers.js:88:18)
    at Object.<anonymous> (E:\BUGU_Temp\workspace\back\bugu_back\bin\www:7:11)
    at Module._compile (internal/modules/cjs/loader.js:1063:30)
    at Object.Module._extensions..js (internal/modules/cjs/loader.js:1092:10)
2022-04-09T04:11:40.452Z-error- 401 - No authorization token was found - /favicon.ico -GET - ::1
2022-04-09T04:50:03.172Z-error- 401 - No authorization token was found - /favicon.ico -GET - ::1
2022-04-09T04:50:11.651Z-error- 404 - Not Found - /entrance/login -GET - ::1
2022-04-09T04:50:11.674Z-error- 401 - No authorization token was found - /favicon.ico -GET - ::1
2022-04-09T04:50:23.824Z-error- 401 - No authorization token was found - /entrance/login/username -GET - ::1
2022-04-09T04:50:23.850Z-error- 401 - No authorization token was found - /favicon.ico -GET - ::1
2022-04-09T04:50:27.573Z-error- 404 - Not Found - /entrance/login -GET - ::1
2022-04-09T04:50:27.586Z-error- 401 - No authorization token was found - /favicon.ico -GET - ::1
2022-04-09T05:02:55.242Z-error- 401 - No authorization token was found - /entrance/login/wpo/123456 -GET - ::1
2022-04-09T05:02:55.263Z-error- 401 - No authorization token was found - /favicon.ico -GET - ::1
2022-04-09T05:05:51.334Z-error- 401 - No authorization token was found - /entrance/login/username -GET - ::1
2022-04-09T05:05:51.373Z-error- 401 - No authorization token was found - /favicon.ico -GET - ::1
2022-04-09T05:05:51.756Z-error- 401 - No authorization token was found - /favicon.ico -GET - ::1
2022-04-09T05:05:52.157Z-error- 401 - No authorization token was found - /favicon.ico -GET - ::1
2022-04-09T07:41:24.655Z-error- 401 - No authorization token was found - /favicon.ico -GET - ::1
2022-04-10T06:18:23.086Z-error- 401 - No authorization token was found - /favicon.ico -GET - ::1
2022-04-10T06:18:41.519Z-error- 401 - No authorization token was found - /entrance -GET - ::1
2022-04-10T06:18:41.562Z-error- 401 - No authorization token was found - /favicon.ico -GET - ::1
2022-04-10T06:18:48.877Z-error- 401 - No authorization token was found - /member/login -GET - ::1
2022-04-10T06:18:48.892Z-error- 401 - No authorization token was found - /favicon.ico -GET - ::1
2022-04-10T06:18:52.446Z-error- 401 - No authorization token was found - /favicon.ico -GET - ::1
2022-04-10T06:19:29.876Z-error- 500 - sqlParam is not defined - /user/userInfo -GET - ::1
2022-04-10T06:19:29.897Z-error- 401 - No authorization token was found - /favicon.ico -GET - ::1
2022-04-10T06:20:00.602Z-error- 401 - No authorization token was found - /favicon.ico -GET - ::1
2022-04-10T06:20:41.064Z-error- 401 - No authorization token was found - /favicon.ico -GET - ::1
2022-04-10T06:20:48.319Z-error- 401 - No authorization token was found - /entrance -GET - ::1
2022-04-10T06:20:48.338Z-error- 401 - No authorization token was found - /favicon.ico -GET - ::1
2022-04-10T06:20:52.194Z-error- 404 - Not Found - /entrance/login -GET - ::1
2022-04-10T06:20:52.209Z-error- 401 - No authorization token was found - /favicon.ico -GET - ::1
2022-04-10T06:21:53.460Z-error- 401 - No authorization token was found - /entrance -GET - ::1
2022-04-10T06:21:53.482Z-error- 401 - No authorization token was found - /favicon.ico -GET - ::1
2022-04-10T06:22:04.216Z-error- 404 - Not Found - /entrance/register -GET - ::1
2022-04-10T06:22:04.231Z-error- 401 - No authorization token was found - /favicon.ico -GET - ::1
2022-04-10T06:22:20.374Z-error- 401 - No authorization token was found - /entrance/login -GET - ::1
2022-04-10T06:22:20.399Z-error- 401 - No authorization token was found - /favicon.ico -GET - ::1
2022-04-10T06:22:50.224Z-error- 401 - No authorization token was found - /favicon.ico -GET - ::1
2022-04-10T06:22:59.973Z-error- 401 - No authorization token was found - /favicon.ico -GET - ::1
2022-04-10T06:23:02.812Z-error- 401 - No authorization token was found - /favicon.ico -GET - ::1
2022-04-10T06:23:11.778Z-error- 401 - No authorization token was found - /favicon.ico -GET - ::1
2022-04-10T06:23:13.658Z-error- 401 - No authorization token was found - /favicon.ico -GET - ::1
2022-04-10T06:23:44.040Z-error- 401 - No authorization token was found - /favicon.ico -GET - ::1
2022-04-10T12:13:51.940Z-error- 500 - Cannot read property 'then' of undefined - /entrance/register -POST - ::1
2022-04-10T12:56:27.357Z-error- 500 - dao.queryById is not a function - /userInfo/1 -GET - ::1
2022-04-10T14:54:59.374Z-error- 400 - Unexpected token } in JSON at position 250 - /userInfo -PUT - ::1
2022-04-10T15:00:33.374Z-error- 500 - Cannot read property 'then' of undefined - /userInfo -PUT - ::1
2022-04-10T15:02:13.206Z-error- 500 - Cannot read property 'then' of undefined - /userInfo -PUT - ::1
2022-04-11T01:14:49.298Z-error- 401 - No authorization token was found - /engineering -GET - ::1
2022-04-11T01:16:05.713Z-error- 401 - No authorization token was found - /engineering -GET - ::1
2022-04-11T02:29:21.486Z-error- 401 - No authorization token was found - /engineerings -GET - ::1
2022-04-11T04:24:30.260Z-error- 401 - No authorization token was found - /tree -GET - ::1
2022-04-11T09:30:15.904Z-error- 401 - No authorization token was found - /tree/2 -GET - ::1
2022-04-11T10:25:30.264Z-error- 500 - data is not defined - /engineering/init -POST - ::ffff:127.0.0.1
2022-04-11T10:26:10.570Z-error- 500 - data is not defined - /engineering/init -POST - ::ffff:127.0.0.1
2022-04-11T10:28:13.588Z-error- 500 - data is not defined - /engineering/init -POST - ::ffff:127.0.0.1
2022-04-12T08:24:54.688Z-error- 401 - No authorization token was found - /27888a4793e197b2f06b.hot-update.json -GET - ::ffff:127.0.0.1
2022-04-12T10:49:10.047Z-error- 500 - Op is not defined - /method -DELETE - ::ffff:127.0.0.1
2022-04-12T10:49:53.408Z-error- 401 - No authorization token was found - /method/60 -DELETE - ::1
2022-04-12T18:08:30.667Z-error- 401 - No authorization token was found - /entrance/data -GET - ::1
2022-04-13T08:30:11.558Z-error- 401 - No authorization token was found - /class/2/38 -GET - ::1
2022-04-13T08:32:04.177Z-error- 401 - No authorization token was found - /data/2/38 -GET - ::1
2022-04-13T09:31:01.670Z-error- 401 - Format is Authorization: Bearer [token] - /data/[object%20Object]/undefined -GET - ::ffff:127.0.0.1
2022-04-13T09:41:00.528Z-error- 401 - No authorization token was found - /engin/2/38 -GET - ::1
2022-04-13T09:47:30.099Z-error- 401 - Format is Authorization: Bearer [token] - /data/[object%20Object]/undefined -GET - ::ffff:127.0.0.1
2022-04-13T09:47:34.862Z-error- 401 - Format is Authorization: Bearer [token] - /data/[object%20Object]/undefined -GET - ::ffff:127.0.0.1
2022-04-13T09:47:57.288Z-error- 401 - Format is Authorization: Bearer [token] - /data/[object%20Object]/undefined -GET - ::ffff:127.0.0.1
2022-04-13T09:48:38.118Z-error- 401 - Format is Authorization: Bearer [token] - /data/[object%20Object]/undefined -GET - ::ffff:127.0.0.1
2022-04-13T09:48:39.347Z-error- 401 - Format is Authorization: Bearer [token] - /data/[object%20Object]/undefined -GET - ::ffff:127.0.0.1
2022-04-13T09:48:49.203Z-error- 401 - Format is Authorization: Bearer [token] - /data/[object%20Object]/undefined -GET - ::ffff:127.0.0.1
2022-04-13T09:49:33.803Z-error- 401 - Format is Authorization: Bearer [token] - /data/[object%20Object]/undefined -GET - ::ffff:127.0.0.1
2022-04-13T09:50:36.616Z-error- 401 - Format is Authorization: Bearer [token] - /data/[object%20Object]/undefined -GET - ::ffff:127.0.0.1
2022-04-13T09:52:03.564Z-error- 401 - Format is Authorization: Bearer [token] - /data/[object%20Object]/undefined -GET - ::ffff:127.0.0.1
2022-04-13T13:12:41.039Z-error- 401 - Format is Authorization: Bearer [token] - /data/2/50 -GET - ::ffff:127.0.0.1
2022-04-13T13:13:08.622Z-error- 401 - Format is Authorization: Bearer [token] - /data/[object%20Object]/undefined -GET - ::ffff:127.0.0.1
2022-04-13T13:14:15.147Z-error- 401 - Format is Authorization: Bearer [token] - /data/2/22 -GET - ::ffff:127.0.0.1
2022-04-14T07:58:53.998Z-error- 500 - result.map is not a function - /class/parent/1 -GET - ::1
2022-04-14T07:59:46.142Z-error- 500 - result.map is not a function - /class/parent/2 -GET - ::1
2022-04-14T07:59:50.150Z-error- 500 - result.map is not a function - /class/parent/0 -GET - ::1
2022-04-14T07:59:53.876Z-error- 500 - result.map is not a function - /class/parent/1 -GET - ::1
2022-04-14T08:04:01.879Z-error- 500 - result.map is not a function - /class/parent/1 -GET - ::1
2022-04-14T08:04:08.399Z-error- 500 - result.map is not a function - /class/parent/1 -GET - ::1
2022-04-14T08:13:32.979Z-error- 500 - result.map is not a function - /class/parent/1 -GET - ::1
2022-04-14T13:56:47.250Z-error- 401 - No authorization token was found - /data/38/1 -GET - ::1
2022-04-14T13:59:06.394Z-error- 401 - No authorization token was found - /data/type/68/2 -GET - ::1
2022-04-14T14:02:36.689Z-error- 500 - dataApi.queryByType is not a function - /data/type/68/2 -GET - ::1
2022-04-14T15:01:14.589Z-error- 401 - No authorization token was found - /66432f03062b3e1ce716.hot-update.json -GET - ::ffff:127.0.0.1
2022-04-14T15:17:00.357Z-error- 401 - Format is Authorization: Bearer [token] - /data/class/2/ -GET - ::ffff:127.0.0.1
